proguard/seeds.txt
com.BogdanMihaiciuc.receipt.CustomTypefaceSpan
com.BogdanMihaiciuc.receipt.DisableableListView
com.BogdanMihaiciuc.receipt.DisableableListView: DisableableListView(android.content.Context)
com.BogdanMihaiciuc.receipt.DisableableListView: DisableableListView(android.content.Context,android.util.AttributeSet)
com.BogdanMihaiciuc.receipt.DisableableListView: DisableableListView(android.content.Context,android.util.AttributeSet,int)
com.BogdanMihaiciuc.receipt.DisableableListView: void setInterceptTouchListener(android.view.View$OnTouchListener)
com.BogdanMihaiciuc.receipt.DisableableListView: void setScrollingEnabled(boolean)
com.BogdanMihaiciuc.receipt.DisableableListView: void setPreloadSize(int)
com.BogdanMihaiciuc.receipt.DisableableViewPager
com.BogdanMihaiciuc.receipt.DisableableViewPager: DisableableViewPager(android.content.Context,android.util.AttributeSet)
com.BogdanMihaiciuc.receipt.DisableableViewPager: void setPagingEnabled(boolean)
com.BogdanMihaiciuc.receipt.HeaderFragment
com.BogdanMihaiciuc.receipt.HeaderFragment: HeaderFragment()
com.BogdanMihaiciuc.receipt.HistoryActivity
com.BogdanMihaiciuc.receipt.HistoryActivity: HistoryActivity()
com.BogdanMihaiciuc.receipt.HistoryGridFragment
com.BogdanMihaiciuc.receipt.HistoryGridFragment: HistoryGridFragment()
com.BogdanMihaiciuc.receipt.ItemListFragment
com.BogdanMihaiciuc.receipt.ItemListFragment: ItemListFragment()
com.BogdanMihaiciuc.receipt.ItemListFragment: void addNewItemToList()
com.BogdanMihaiciuc.receipt.ItemsFragment: void addNewItemToList(android.view.View)
com.BogdanMihaiciuc.receipt.ItemsFragment$Item
com.BogdanMihaiciuc.receipt.ItemsFragment$Item: long serialVersionUID
com.BogdanMihaiciuc.receipt.ItemsFragment$Item: java.lang.String name
com.BogdanMihaiciuc.receipt.ItemsFragment$Item: long qty
com.BogdanMihaiciuc.receipt.ItemsFragment$Item: long price
com.BogdanMihaiciuc.receipt.ItemsFragment$Item: boolean crossedOff
com.BogdanMihaiciuc.receipt.ItemsFragment$Item: int controlFlags
com.BogdanMihaiciuc.receipt.ItemsFragment$Item: long estimatedPrice
com.BogdanMihaiciuc.receipt.ItemsFragment$Item: java.lang.String measurementUnit
com.BogdanMihaiciuc.receipt.ItemsFragment$Item: ItemsFragment$Item()
com.BogdanMihaiciuc.receipt.ListenableHorizontalScrollView
com.BogdanMihaiciuc.receipt.ListenableHorizontalScrollView: ListenableHorizontalScrollView(android.content.Context,android.util.AttributeSet,int)
com.BogdanMihaiciuc.receipt.ListenableHorizontalScrollView: ListenableHorizontalScrollView(android.content.Context,android.util.AttributeSet)
com.BogdanMihaiciuc.receipt.ListenableHorizontalScrollView: ListenableHorizontalScrollView(android.content.Context)
com.BogdanMihaiciuc.receipt.ListenableHorizontalScrollView: void setOnScrollListener(com.BogdanMihaiciuc.receipt.ListenableHorizontalScrollView$OnScrollListener)
com.BogdanMihaiciuc.receipt.OverviewFragment
com.BogdanMihaiciuc.receipt.OverviewFragment: OverviewFragment()
com.BogdanMihaiciuc.receipt.OverviewFragment: void showBudgetPopup(android.view.View)
com.BogdanMihaiciuc.receipt.R$anim: int accelerate_interpolator_double
com.BogdanMihaiciuc.receipt.R$anim: int discard_animation
com.BogdanMihaiciuc.receipt.R$anim: int discard_enter_animation
com.BogdanMihaiciuc.receipt.R$anim: int layout_controller
com.BogdanMihaiciuc.receipt.R$animator: int activity_rotate_animation
com.BogdanMihaiciuc.receipt.R$animator: int list_add_animation
com.BogdanMihaiciuc.receipt.R$array: int currencyArray
...
android.support.v4.app.BackStackState
android.support.v4.app.BackStackState: android.os.Parcelable$Creator CREATOR
android.support.v4.app.Fragment: Fragment()
android.support.v4.app.Fragment$InstantiationException
android.support.v4.app.Fragment$InstantiationException: Fragment$InstantiationException(java.lang.String,java.lang.Exception)
android.support.v4.app.Fragment$SavedState
android.support.v4.app.Fragment$SavedState: android.os.Parcelable$Creator CREATOR
android.support.v4.app.FragmentActivity: FragmentActivity()
android.support.v4.app.FragmentManagerState
android.support.v4.app.FragmentManagerState: android.os.Parcelable$Creator CREATOR
android.support.v4.app.FragmentState
android.support.v4.app.FragmentState: android.os.Parcelable$Creator CREATOR
android.support.v4.app.FragmentTabHost: void setOnTabChangedListener(android.widget.TabHost$OnTabChangeListener)
android.support.v4.app.FragmentTabHost$SavedState
android.support.v4.app.FragmentTabHost$SavedState: android.os.Parcelable$Creator CREATOR
android.support.v4.app.SuperNotCalledException
android.support.v4.app.SuperNotCalledException: SuperNotCalledException(java.lang.String)
android.support.v4.content.ModernAsyncTask$Status
android.support.v4.content.ModernAsyncTask$Status: android.support.v4.content.ModernAsyncTask$Status PENDING
android.support.v4.content.ModernAsyncTask$Status: android.support.v4.content.ModernAsyncTask$Status RUNNING
android.support.v4.content.ModernAsyncTask$Status: android.support.v4.content.ModernAsyncTask$Status FINISHED
android.support.v4.content.ModernAsyncTask$Status: android.support.v4.content.ModernAsyncTask$Status[] values()
android.support.v4.content.ModernAsyncTask$Status: android.support.v4.content.ModernAsyncTask$Status valueOf(java.lang.String)
android.support.v4.content.ModernAsyncTask$Status: void <clinit>()
android.support.v4.view.PagerTabStrip: void setTabIndicatorColor(int)
android.support.v4.view.PagerTabStrip: void setTabIndicatorColorResource(int)
android.support.v4.view.PagerTabStrip: int getTabIndicatorColor()
android.support.v4.view.PagerTabStrip: void setTextSpacing(int)
android.support.v4.view.PagerTabStrip: void setBackgroundDrawable(android.graphics.drawable.Drawable)
android.support.v4.view.PagerTabStrip: void setBackgroundColor(int)
android.support.v4.view.PagerTabStrip: void setBackgroundResource(int)
android.support.v4.view.PagerTabStrip: void setDrawFullUnderline(boolean)
android.support.v4.view.PagerTabStrip: boolean getDrawFullUnderline()
android.support.v4.view.PagerTabStrip: int getMinHeight()
android.support.v4.view.PagerTitleStrip: void setSingleLineAllCaps(android.widget.TextView)
android.support.v4.view.PagerTitleStrip: void setTextSpacing(int)
android.support.v4.view.PagerTitleStrip: int getTextSpacing()
android.support.v4.view.PagerTitleStrip: void setNonPrimaryAlpha(float)
android.support.v4.view.PagerTitleStrip: void setTextColor(int)
android.support.v4.view.PagerTitleStrip: void setGravity(int)
android.support.v4.view.PagerTitleStrip: int getMinHeight()