proguard/mapping.txt
com.BogdanMihaiciuc.receipt.BackendFragment -> com.BogdanMihaiciuc.receipt.a:
    java.util.concurrent.locks.Lock DiskLock -> a
    android.view.View$OnTouchListener NullOnTouchListener -> b
    android.view.View$OnClickListener NullOnClickListener -> c
    int state -> e
    java.util.ArrayList activeLists -> f
    long lastUsedFilenameId -> g
    int loadingPosition -> h
    int scrollState -> i
    com.BogdanMihaiciuc.receipt.ReceiptActivity activity -> j
    android.util.DisplayMetrics metrics -> k
    android.graphics.drawable.Drawable overscrollGlowBottom -> l
    android.graphics.drawable.Drawable overscrollGlowTop -> m
    com.BogdanMihaiciuc.receipt.DisableableListView backendList -> n
    android.widget.FrameLayout backend -> o
    android.view.View shadow -> p
    android.view.View shadowBottom -> q
    android.view.ViewGroup root -> r
    android.view.ViewGroup content -> s
    android.view.View addButton -> t
    android.graphics.drawable.Drawable redScrap -> u
    android.graphics.drawable.Drawable blueScrap -> v
    android.graphics.drawable.Drawable grayScrap -> w
    android.view.View confirmator -> x
    android.view.View confirmingView -> y
    boolean confirmatorUp -> z
    int confirmingPosition -> A
    com.BogdanMihaiciuc.receipt.HelpStory story -> B
    int currentHelpPage -> C
    boolean viewDestroyed -> D
    java.util.ArrayList startRunnables -> E
    java.util.ArrayList persistentStartRunnables -> F
com.BogdanMihaiciuc.receipt.BackendFragment$1 -> com.BogdanMihaiciuc.receipt.b:
    boolean onTouch(android.view.View,android.view.MotionEvent) -> onTouch
com.BogdanMihaiciuc.receipt.BackendFragment$10 -> com.BogdanMihaiciuc.receipt.c:
    com.BogdanMihaiciuc.receipt.BackendFragment this$0 -> a
    android.view.ViewGroup val$animationRoot -> b
    android.view.View val$OldActivityView -> c
    void onAnimationEnd(android.animation.Animator) -> onAnimationEnd
com.BogdanMihaiciuc.receipt.BackendFragment$11 -> com.BogdanMihaiciuc.receipt.d:
    com.BogdanMihaiciuc.receipt.BackendFragment this$0 -> a
    android.view.ViewGroup val$animationRoot -> b
    android.view.View val$OldActivityView -> c
    android.view.View val$ContentView -> d
    void onAnimationCancel(android.animation.Animator) -> onAnimationCancel
    void onAnimationEnd(android.animation.Animator) -> onAnimationEnd
com.BogdanMihaiciuc.receipt.BackendFragment$12 -> com.BogdanMihaiciuc.receipt.e:
    com.BogdanMihaiciuc.receipt.BackendFragment this$0 -> a
    com.BogdanMihaiciuc.receipt.BackendFragment$AbstractReceipt val$receipt -> b
    android.content.Context val$application -> c
    void run() -> run
com.BogdanMihaiciuc.receipt.BackendFragment$13 -> com.BogdanMihaiciuc.receipt.f:
    com.BogdanMihaiciuc.receipt.BackendFragment this$0 -> a
    android.view.View val$screenshotView -> b
    void onAnimationEnd(android.animation.Animator) -> onAnimationEnd
com.BogdanMihaiciuc.receipt.BackendFragment$14 -> com.BogdanMihaiciuc.receipt.g:
    com.BogdanMihaiciuc.receipt.BackendFragment this$0 -> a
    com.BogdanMihaiciuc.receipt.BackendFragment$AbstractReceipt val$receipt -> b
    android.content.Context val$application -> c
    void run() -> run
com.BogdanMihaiciuc.receipt.BackendFragment$15 -> com.BogdanMihaiciuc.receipt.h:
    com.BogdanMihaiciuc.receipt.BackendFragment this$0 -> a
    android.view.View val$screenshotView -> b
    void onAnimationEnd(android.animation.Animator) -> onAnimationEnd
com.BogdanMihaiciuc.receipt.BackendFragment$16 -> com.BogdanMihaiciuc.receipt.i:
    com.BogdanMihaiciuc.receipt.BackendFragment this$0 -> a
    com.BogdanMihaiciuc.receipt.BackendFragment$AbstractReceipt val$deletedReceipt -> b
    android.content.Context val$application -> c
    void run() -> run
...
android.support.v4.app.TaskStackBuilderHoneycomb -> android.support.v4.app.bb:
    android.app.PendingIntent getActivitiesPendingIntent(android.content.Context,int,android.content.Intent[],int) -> a
android.support.v4.content.IntentCompat -> android.support.v4.a.a:
    android.support.v4.content.IntentCompat$IntentCompatImpl IMPL -> a
    android.content.Intent makeMainActivity(android.content.ComponentName) -> a
android.support.v4.content.IntentCompat$IntentCompatImpl -> android.support.v4.a.b:
    android.content.Intent makeMainActivity(android.content.ComponentName) -> a
android.support.v4.content.IntentCompat$IntentCompatImplBase -> android.support.v4.a.c:
    android.content.Intent makeMainActivity(android.content.ComponentName) -> a
android.support.v4.content.IntentCompat$IntentCompatImplHC -> android.support.v4.a.d:
    android.content.Intent makeMainActivity(android.content.ComponentName) -> a
android.support.v4.content.IntentCompat$IntentCompatImplIcsMr1 -> android.support.v4.a.e:
android.support.v4.content.IntentCompatHoneycomb -> android.support.v4.a.f:
    android.content.Intent makeMainActivity(android.content.ComponentName) -> a
android.support.v4.content.Loader -> android.support.v4.a.g:
    int mId -> a
    android.support.v4.content.Loader$OnLoadCompleteListener mListener -> b
    boolean mStarted -> c
    boolean mAbandoned -> d
    boolean mReset -> e
    boolean mContentChanged -> f
    void registerListener(int,android.support.v4.content.Loader$OnLoadCompleteListener) -> a
    void unregisterListener(android.support.v4.content.Loader$OnLoadCompleteListener) -> a
    void startLoading() -> a
    void onStartLoading() -> b
    void stopLoading() -> c
    void onStopLoading() -> d
    void reset() -> e
    void onReset() -> f
    java.lang.String dataToString(java.lang.Object) -> a
    java.lang.String toString() -> toString
    void dump(java.lang.String,java.io.FileDescriptor,java.io.PrintWriter,java.lang.String[]) -> a
android.support.v4.content.Loader$OnLoadCompleteListener -> android.support.v4.a.h:
android.support.v4.os.ParcelableCompat -> android.support.v4.b.a:
    android.os.Parcelable$Creator newCreator(android.support.v4.os.ParcelableCompatCreatorCallbacks) -> a
android.support.v4.os.ParcelableCompat$CompatCreator -> android.support.v4.b.b:
    android.support.v4.os.ParcelableCompatCreatorCallbacks mCallbacks -> a
    java.lang.Object createFromParcel(android.os.Parcel) -> createFromParcel
    java.lang.Object[] newArray(int) -> newArray
android.support.v4.os.ParcelableCompatCreatorCallbacks -> android.support.v4.b.c:
    java.lang.Object createFromParcel(android.os.Parcel,java.lang.ClassLoader) -> a
    java.lang.Object[] newArray(int) -> a
android.support.v4.os.ParcelableCompatCreatorHoneycombMR2 -> android.support.v4.b.d:
    android.support.v4.os.ParcelableCompatCreatorCallbacks mCallbacks -> a
    java.lang.Object createFromParcel(android.os.Parcel) -> createFromParcel
    java.lang.Object createFromParcel(android.os.Parcel,java.lang.ClassLoader) -> createFromParcel
    java.lang.Object[] newArray(int) -> newArray
android.support.v4.os.ParcelableCompatCreatorHoneycombMR2Stub -> android.support.v4.b.e:
    android.os.Parcelable$Creator instantiate(android.support.v4.os.ParcelableCompatCreatorCallbacks) -> a
android.support.v4.util.DebugUtils -> android.support.v4.c.a:
    void buildShortClassTag(java.lang.Object,java.lang.StringBuilder) -> a
android.support.v4.util.LogWriter -> android.support.v4.c.b:
    java.lang.String mTag -> a
    java.lang.StringBuilder mBuilder -> b
    void close() -> close
    void flush() -> flush
    void write(char[],int,int) -> write
    void flushBuilder() -> a