proguard/usage.txt
com.BogdanMihaiciuc.receipt.BackendFragment:
    static final boolean DEBUG
    static final boolean DEBUG_SAVE
    static final boolean DEBUG_ERRANT_TOUCHES
    protected static final boolean DEBUG_SLOW_SAVE
    protected static final int SLOW_SAVE_LENGTH
    static final java.lang.String TAG
    static final long MinimumPossibleFilenameId
    static final java.lang.String ExitStateKey
    static final int StateOpenList
    static final int StateBackend
    static final java.lang.String OpenedFileKey
    static final java.lang.String FilenamePrefix
    static final java.lang.String CurrentListKey
    static final java.lang.String ActiveListsFilename
    static final java.lang.String LastUsedFilenameIdKey
    private java.math.BigDecimal globalBudget
    private java.math.BigDecimal checkedOutBudget
    private java.math.BigDecimal usedGlobalBudget
    static final int FlagNone
    static final int FlagTap
    static final int FlagFling
    static final int initialSwipeSteps
    239:296:protected void loadStateCompat(android.content.Context)
com.BogdanMihaiciuc.receipt.BackendFragment$DeleteTouchListener:
    public boolean started
com.BogdanMihaiciuc.receipt.BackendFragment$TouchZoneDisabler
com.BogdanMihaiciuc.receipt.BackendSaveService
com.BogdanMihaiciuc.receipt.BudgetDialog
com.BogdanMihaiciuc.receipt.BudgetDialog$1
com.BogdanMihaiciuc.receipt.BudgetDialog$2
com.BogdanMihaiciuc.receipt.BudgetDialog$BudgetDialogListener
com.BogdanMihaiciuc.receipt.BuildConfig
com.BogdanMihaiciuc.receipt.HeaderFragment:
    static final float PaddingPhone
    static final float PaddingTablet
    static final float PaddingTabletLandscape
    static final int PasteAll
    static final int ClearClipboard
    static final int NotificationPauseDelay
    344:346:public void delayInit()
com.BogdanMihaiciuc.receipt.HelpOverlayBuilder:
    static final boolean DEBUG
    static final int ClingRadius
    static final int ClingDiameter
    static final int ClingOuterRadius
    static final int ClingOuterDiameter
    static final int PhoneMinimumLineWidth
    static final int TabletMinimumLineWidth
    static final int PhoneButtonBarHeight
    static final int TabletButtonBarHeight
    static final int ButtonBarId
    static final int NextButtonId
    static final int PhoneTextMargin
    static final int PhoneTitleTopMargin
    static final int TabletTextMargin
    static final int TitleTextSize
    static final int ExplanationTextSize
    static final int PhoneExplanationTopMargin
    static final int TabletExplanationTopMargin
    static final int PhoneButtonPadding
    static final int PhoneButtonMargin
    static final int TabletButtonPadding
    static final int TabletButtonMargin
    static final int BackgroundColor
    static final int AnimationLength
    static final int ImageTap
    static final int ImageZoom
    static final int ImageFling
    static final int ImageFlingRight
    static final int ImageNone
    408:416:public com.BogdanMihaiciuc.receipt.HelpOverlayBuilder setNextPage(com.BogdanMihaiciuc.receipt.HelpOverlayBuilder)
    420:420:public com.BogdanMihaiciuc.receipt.HelpOverlayBuilder getNextPage()
    739:757:public com.BogdanMihaiciuc.receipt.HelpOverlayBuilder show()
com.BogdanMihaiciuc.receipt.HelpOverlayBuilder$3
com.BogdanMihaiciuc.receipt.HelpStory:
    117:135:public com.BogdanMihaiciuc.receipt.HelpStory addPageToIndex(com.BogdanMihaiciuc.receipt.HelpOverlayBuilder,int)
    146:149:public com.BogdanMihaiciuc.receipt.HelpStory repalcePageAtIndexWithPage(int,com.BogdanMihaiciuc.receipt.HelpOverlayBuilder)
    159:161:public com.BogdanMihaiciuc.receipt.HelpStory goToPage(int,boolean)
    165:168:public com.BogdanMihaiciuc.receipt.HelpStory setCacheSize(int)
    217:217:public com.BogdanMihaiciuc.receipt.HelpOverlayBuilder getPageAt(int)
    233:234:public void startStory()
...
android.support.v4.view.MenuCompat
android.support.v4.view.MenuCompat$BaseMenuVersionImpl
android.support.v4.view.MenuCompat$HoneycombMenuVersionImpl
android.support.v4.view.MenuCompat$MenuVersionImpl
android.support.v4.view.MenuItemCompat
android.support.v4.view.MenuItemCompat$BaseMenuVersionImpl
android.support.v4.view.MenuItemCompat$HoneycombMenuVersionImpl
android.support.v4.view.MenuItemCompat$MenuVersionImpl
android.support.v4.view.MenuItemCompatHoneycomb
android.support.v4.view.MotionEventCompat:
    public static final int ACTION_MASK
    public static final int ACTION_POINTER_DOWN
    public static final int ACTION_POINTER_UP
    public static final int ACTION_HOVER_MOVE
    public static final int ACTION_SCROLL
    public static final int ACTION_POINTER_INDEX_MASK
    public static final int ACTION_POINTER_INDEX_SHIFT
    public static final int ACTION_HOVER_ENTER
    public static final int ACTION_HOVER_EXIT
    25:80:public MotionEventCompat()
    183:183:public static int getActionMasked(android.view.MotionEvent)
    236:236:public static int getPointerCount(android.view.MotionEvent)
android.support.v4.view.MotionEventCompat$BaseMotionEventVersionImpl:
    73:73:public int getPointerCount(android.view.MotionEvent)
android.support.v4.view.MotionEventCompat$EclairMotionEventVersionImpl:
    99:99:public int getPointerCount(android.view.MotionEvent)
android.support.v4.view.MotionEventCompat$MotionEventVersionImpl:
    public abstract int getPointerCount(android.view.MotionEvent)
android.support.v4.view.MotionEventCompatEclair:
    24:24:MotionEventCompatEclair()
    38:38:public static int getPointerCount(android.view.MotionEvent)
android.support.v4.view.PagerAdapter:
    public static final int POSITION_UNCHANGED
    public static final int POSITION_NONE
    297:297:public java.lang.CharSequence getPageTitle(int)
android.support.v4.view.PagerTabStrip
android.support.v4.view.PagerTabStrip$1
android.support.v4.view.PagerTabStrip$2
android.support.v4.view.PagerTitleStrip
android.support.v4.view.PagerTitleStrip$1
android.support.v4.view.PagerTitleStrip$PageListener
android.support.v4.view.PagerTitleStrip$PagerTitleStripImpl
android.support.v4.view.PagerTitleStrip$PagerTitleStripImplBase
android.support.v4.view.PagerTitleStrip$PagerTitleStripImplIcs
android.support.v4.view.PagerTitleStripIcs
android.support.v4.view.PagerTitleStripIcs$SingleLineAllCapsTransform
android.support.v4.view.VelocityTrackerCompat:
    25:51:public VelocityTrackerCompat()
    91:91:public static float getYVelocity(android.view.VelocityTracker,int)
android.support.v4.view.VelocityTrackerCompat$BaseVelocityTrackerVersionImpl:
    44:44:public float getYVelocity(android.view.VelocityTracker,int)
android.support.v4.view.VelocityTrackerCompat$HoneycombVelocityTrackerVersionImpl:
    58:58:public float getYVelocity(android.view.VelocityTracker,int)
android.support.v4.view.VelocityTrackerCompat$VelocityTrackerVersionImpl:
    public abstract float getYVelocity(android.view.VelocityTracker,int)
android.support.v4.view.VelocityTrackerCompatHoneycomb:
    24:24:VelocityTrackerCompatHoneycomb()
    29:29:public static float getYVelocity(android.view.VelocityTracker,int)